<?xml version="1.0" encoding="UTF-8"?>
<testng-results skipped="2" failed="0" total="2" passed="0">
  <reporter-output>
  </reporter-output>
  <suite name="Suite" duration-ms="11180" started-at="2019-08-29T10:10:52Z" finished-at="2019-08-29T10:11:03Z">
    <groups>
    </groups>
    <test name="CreateLead" duration-ms="11180" started-at="2019-08-29T10:10:52Z" finished-at="2019-08-29T10:11:03Z">
      <class name="com.leaftaps.testcase.CreateLead">
        <test-method status="PASS" signature="setFileName()[pri:0, instance:com.leaftaps.testcase.CreateLead@3b6eb2ec]" name="setFileName" is-config="true" duration-ms="0" started-at="2019-08-29T15:40:52Z" finished-at="2019-08-29T15:40:52Z">
          <reporter-output>
          </reporter-output>
        </test-method> <!-- setFileName -->
        <test-method status="FAIL" signature="login(java.lang.String, java.lang.String)[pri:0, instance:com.leaftaps.testcase.CreateLead@3b6eb2ec]" name="login" is-config="true" duration-ms="0" started-at="2019-08-29T15:40:52Z" finished-at="2019-08-29T15:40:52Z">
          <params>
            <param index="0">
              <value>
                <![CDATA[DemoSalesManager]]>
              </value>
            </param>
            <param index="1">
              <value>
                <![CDATA[crmsfa]]>
              </value>
            </param>
          </params>
          <exception class="org.openqa.selenium.NoSuchElementException">
            <message>
              <![CDATA[Cannot locate an element using id=username
For documentation on this error, please visit: https://www.seleniumhq.org/exceptions/no_such_element.html
Build info: version: '3.141.59', revision: 'e82be7d358', time: '2018-11-14T08:17:03'
System info: host: 'DIN73003366', ip: '10.216.1.127', os.name: 'Windows 10', os.arch: 'amd64', os.version: '10.0', java.version: '1.8.0_171'
Driver info: driver.version: RemoteWebDriver]]>
            </message>
            <full-stacktrace>
              <![CDATA[org.openqa.selenium.NoSuchElementException: Cannot locate an element using id=username
For documentation on this error, please visit: https://www.seleniumhq.org/exceptions/no_such_element.html
Build info: version: '3.141.59', revision: 'e82be7d358', time: '2018-11-14T08:17:03'
System info: host: 'DIN73003366', ip: '10.216.1.127', os.name: 'Windows 10', os.arch: 'amd64', os.version: '10.0', java.version: '1.8.0_171'
Driver info: driver.version: RemoteWebDriver
	at org.openqa.selenium.remote.RemoteWebDriver.findElement(RemoteWebDriver.java:327)
	at org.openqa.selenium.remote.RemoteWebDriver.findElementById(RemoteWebDriver.java:372)
	at com.leaftaps.pages.LoginPage.EnterUsername(LoginPage.java:10)
	at com.leaftaps.base.ProjectSpecificMethods.login(ProjectSpecificMethods.java:38)
	at sun.reflect.NativeMethodAccessorImpl.invoke0(Native Method)
	at sun.reflect.NativeMethodAccessorImpl.invoke(NativeMethodAccessorImpl.java:62)
	at sun.reflect.DelegatingMethodAccessorImpl.invoke(DelegatingMethodAccessorImpl.java:43)
	at java.lang.reflect.Method.invoke(Method.java:498)
	at org.testng.internal.MethodInvocationHelper.invokeMethod(MethodInvocationHelper.java:86)
	at org.testng.internal.Invoker.invokeConfigurationMethod(Invoker.java:514)
	at org.testng.internal.Invoker.invokeConfigurations(Invoker.java:215)
	at org.testng.internal.Invoker.invokeMethod(Invoker.java:589)
	at org.testng.internal.Invoker.invokeTestMethod(Invoker.java:822)
	at org.testng.internal.Invoker.invokeTestMethods(Invoker.java:1130)
	at org.testng.internal.TestMethodWorker.invokeTestMethods(TestMethodWorker.java:129)
	at org.testng.internal.TestMethodWorker.run(TestMethodWorker.java:112)
	at org.testng.TestRunner.privateRun(TestRunner.java:782)
	at org.testng.TestRunner.run(TestRunner.java:632)
	at org.testng.SuiteRunner.runTest(SuiteRunner.java:366)
	at org.testng.SuiteRunner.runSequentially(SuiteRunner.java:361)
	at org.testng.SuiteRunner.privateRun(SuiteRunner.java:319)
	at org.testng.SuiteRunner.run(SuiteRunner.java:268)
	at org.testng.SuiteRunnerWorker.runSuite(SuiteRunnerWorker.java:52)
	at org.testng.SuiteRunnerWorker.run(SuiteRunnerWorker.java:86)
	at org.testng.TestNG.runSuitesSequentially(TestNG.java:1244)
	at org.testng.TestNG.runSuitesLocally(TestNG.java:1169)
	at org.testng.TestNG.run(TestNG.java:1064)
	at org.testng.remote.RemoteTestNG.run(RemoteTestNG.java:113)
	at org.testng.remote.RemoteTestNG.initAndRun(RemoteTestNG.java:206)
	at org.testng.remote.RemoteTestNG.main(RemoteTestNG.java:177)
]]>
            </full-stacktrace>
          </exception> <!-- org.openqa.selenium.NoSuchElementException -->
          <reporter-output>
          </reporter-output>
        </test-method> <!-- login -->
        <test-method status="SKIP" signature="close()[pri:0, instance:com.leaftaps.testcase.CreateLead@3b6eb2ec]" name="close" is-config="true" duration-ms="0" started-at="2019-08-29T15:41:03Z" finished-at="2019-08-29T15:41:03Z">
          <reporter-output>
          </reporter-output>
        </test-method> <!-- close -->
        <test-method status="SKIP" signature="runCreateLead(java.lang.String, java.lang.String, java.lang.String)[pri:0, instance:com.leaftaps.testcase.CreateLead@3b6eb2ec]" name="runCreateLead" duration-ms="0" started-at="2019-08-29T15:41:03Z" data-provider="fetchdata" finished-at="2019-08-29T15:41:03Z">
          <params>
            <param index="0">
              <value>
                <![CDATA[Capgemini]]>
              </value>
            </param>
            <param index="1">
              <value>
                <![CDATA[Sabari]]>
              </value>
            </param>
            <param index="2">
              <value>
                <![CDATA[Raj]]>
              </value>
            </param>
          </params>
          <reporter-output>
          </reporter-output>
        </test-method> <!-- runCreateLead -->
        <test-method status="SKIP" signature="close()[pri:0, instance:com.leaftaps.testcase.CreateLead@3b6eb2ec]" name="close" is-config="true" duration-ms="0" started-at="2019-08-29T15:41:03Z" finished-at="2019-08-29T15:41:03Z">
          <reporter-output>
          </reporter-output>
        </test-method> <!-- close -->
        <test-method status="SKIP" signature="login(java.lang.String, java.lang.String)[pri:0, instance:com.leaftaps.testcase.CreateLead@3b6eb2ec]" name="login" is-config="true" duration-ms="0" started-at="2019-08-29T15:41:03Z" finished-at="2019-08-29T15:41:03Z">
          <reporter-output>
          </reporter-output>
        </test-method> <!-- login -->
        <test-method status="SKIP" signature="runCreateLead(java.lang.String, java.lang.String, java.lang.String)[pri:0, instance:com.leaftaps.testcase.CreateLead@3b6eb2ec]" name="runCreateLead" duration-ms="0" started-at="2019-08-29T15:41:03Z" data-provider="fetchdata" finished-at="2019-08-29T15:41:03Z">
          <params>
            <param index="0">
              <value>
                <![CDATA[HCL]]>
              </value>
            </param>
            <param index="1">
              <value>
                <![CDATA[Vinoth]]>
              </value>
            </param>
            <param index="2">
              <value>
                <![CDATA[R]]>
              </value>
            </param>
          </params>
          <reporter-output>
          </reporter-output>
        </test-method> <!-- runCreateLead -->
      </class> <!-- com.leaftaps.testcase.CreateLead -->
    </test> <!-- CreateLead -->
  </suite> <!-- Suite -->
</testng-results>
